2024-02-01T13:34:51.167Z [info]: Generando reportes...
2024-02-01T13:35:54.762Z [info]: Reporte autorizados generado exitosamente en files/Reporte_documentos_autorizados_emision.xlsx
2024-02-01T13:35:54.802Z [info]: Reporte recepción generado exitosamente en files/Reporte_documentos_recepcionados.xlsx
2024-02-01T13:35:54.840Z [info]: Reporte rechazados generado exitosamente en files/Reporte_documentos_rechazados_emision.xlsx
2024-02-01T13:35:54.853Z [info]: Reporte nómina generado exitosamente en files/Reporte_documentos_autorizados_nomina.xlsx
2024-02-01T13:35:54.883Z [info]: Reporte eventos generado exitosamente en files/Reporte_eventos.xlsx
2024-02-01T13:45:17.622Z [info]: Generando reportes...
2024-02-01T13:46:38.120Z [info]: Reporte autorizados generado exitosamente en files/Reporte_documentos_autorizados_emision.xlsx
2024-02-01T13:46:38.146Z [info]: Reporte recepción generado exitosamente en files/Reporte_documentos_recepcionados.xlsx
2024-02-01T13:46:38.181Z [info]: Reporte rechazados generado exitosamente en files/Reporte_documentos_rechazados_emision.xlsx
2024-02-01T13:46:38.199Z [info]: Reporte nómina generado exitosamente en files/Reporte_documentos_autorizados_nomina.xlsx
2024-02-01T13:46:38.239Z [info]: Reporte eventos generado exitosamente en files/Reporte_eventos.xlsx
2024-02-01T13:47:26.093Z [info]: Generando reportes...
2024-02-01T13:48:30.489Z [info]: Reporte autorizados generado exitosamente en files/Reporte_documentos_autorizados_emision.xlsx
2024-02-01T13:48:30.515Z [info]: Reporte recepción generado exitosamente en files/Reporte_documentos_recepcionados.xlsx
2024-02-01T13:48:30.535Z [info]: Reporte rechazados generado exitosamente en files/Reporte_documentos_rechazados_emision.xlsx
2024-02-01T13:48:30.548Z [info]: Reporte nómina generado exitosamente en files/Reporte_documentos_autorizados_nomina.xlsx
2024-02-01T13:48:30.602Z [info]: Reporte eventos generado exitosamente en files/Reporte_eventos.xlsx
2024-02-01T13:49:36.180Z [info]: Generando reportes...
2024-02-01T13:52:49.263Z [info]: Generando reportes...
2024-02-01T13:55:57.577Z [info]: Reporte autorizados generado exitosamente en files/Reporte_documentos_autorizados_emision.xlsx
2024-02-01T13:55:57.618Z [info]: Reporte recepción generado exitosamente en files/Reporte_documentos_recepcionados.xlsx
2024-02-01T13:55:57.633Z [info]: Reporte rechazados generado exitosamente en files/Reporte_documentos_rechazados_emision.xlsx
2024-02-01T13:55:57.658Z [info]: Reporte nómina generado exitosamente en files/Reporte_documentos_autorizados_nomina.xlsx
2024-02-01T13:55:57.696Z [info]: Reporte eventos generado exitosamente en files/Reporte_eventos.xlsx
2024-02-01T13:58:13.014Z [info]: Generando reportes...
2024-02-01T14:00:43.537Z [info]: Reporte autorizados generado exitosamente en files/Reporte_documentos_autorizados_emision.xlsx
2024-02-01T14:00:43.620Z [info]: Reporte recepción generado exitosamente en files/Reporte_documentos_recepcionados.xlsx
2024-02-01T14:00:43.650Z [info]: Reporte rechazados generado exitosamente en files/Reporte_documentos_rechazados_emision.xlsx
2024-02-01T14:00:43.672Z [info]: Reporte nómina generado exitosamente en files/Reporte_documentos_autorizados_nomina.xlsx
2024-02-01T14:00:43.724Z [info]: Reporte eventos generado exitosamente en files/Reporte_eventos.xlsx
